[2026-03-21 08:16:00] === Health Check Started ===
[2026-03-21 08:16:00] Resources: CPU:0% MEM:96% DISK:100%
[2026-03-21 08:16:00] OpenClaw: running
[2026-03-21 08:16:00] Network: connected
[2026-03-21 08:16:01] Alert sent (HTTP 200)
[2026-03-21 08:16:01] === Health Check Complete ===
[2026-03-21 08:18:31] === Health Check Started ===
[2026-03-21 08:18:31] Resources: CPU:0% MEM:96% DISK:100%
[2026-03-21 08:18:31] OpenClaw: running
[2026-03-21 08:18:31] Network: connected
[2026-03-21 08:18:32] Alert sent (HTTP 200)
[2026-03-21 08:18:32] === Health Check Complete ===
[2026-03-21 08:23:32] === Health Check Started ===
[2026-03-21 08:23:32] Resources: CPU:0% MEM:96% DISK:100%
[2026-03-21 08:23:32] OpenClaw: running
[2026-03-21 08:23:32] Network: connected
[2026-03-21 08:23:33] Alert sent (HTTP 200)
[2026-03-21 08:23:33] === Health Check Complete ===
[2026-03-21 08:28:35] === Health Check Started ===
[2026-03-21 08:28:35] Resources: CPU:0% MEM:96% DISK:100%
[2026-03-21 08:28:35] OpenClaw: running
[2026-03-21 08:28:35] Network: connected
[2026-03-21 08:28:36] Alert sent (HTTP 200)
[2026-03-21 08:28:36] === Health Check Complete ===
[2026-03-21 08:35:20] === Health Check Started ===
[2026-03-21 08:35:20] Resources: CPU:0% MEM:97% DISK:100%
[2026-03-21 08:35:20] OpenClaw: running
[2026-03-21 08:35:20] Network: connected
[2026-03-21 08:35:21] Alert sent (HTTP 200)
[2026-03-21 08:35:21] === Health Check Complete ===
[2026-03-21 08:42:09] === Health Check Started ===
[2026-03-21 08:42:10] Resources: CPU:0% MEM:97% DISK:100%
[2026-03-21 08:42:10] OpenClaw: running
[2026-03-21 08:42:10] Network: connected
[2026-03-21 08:42:11] Alert sent (HTTP 200)
[2026-03-21 08:42:11] === Health Check Complete ===
[2026-03-21 08:50:58] === Health Check Started ===
[2026-03-21 08:50:58] Resources: CPU:0% MEM:96% DISK:100%
[2026-03-21 08:50:58] OpenClaw: running
[2026-03-21 08:50:58] Network: connected
[2026-03-21 08:50:59] Alert sent (HTTP 200)
[2026-03-21 08:50:59] === Health Check Complete ===
[2026-03-21 08:56:03] === Health Check Started ===
[2026-03-21 08:56:04] Resources: CPU:0% MEM:95% DISK:100%
[2026-03-21 08:56:04] OpenClaw: running
[2026-03-21 08:56:04] Network: connected
[2026-03-21 08:56:05] Alert sent (HTTP 200)
[2026-03-21 08:56:05] === Health Check Complete ===
[2026-03-21 09:01:05] === Health Check Started ===
[2026-03-21 09:01:05] Resources: CPU:0% MEM:97% DISK:100%
[2026-03-21 09:01:05] OpenClaw: running
[2026-03-21 09:01:05] Network: connected
[2026-03-21 09:01:06] Alert sent (HTTP 200)
[2026-03-21 09:01:06] === Health Check Complete ===
[2026-03-21 09:06:06] === Health Check Started ===
[2026-03-21 09:06:06] Resources: CPU:0% MEM:97% DISK:100%
[2026-03-21 09:06:07] OpenClaw: running
[2026-03-21 09:06:07] Network: connected
[2026-03-21 09:06:07] Alert sent (HTTP 200)
[2026-03-21 09:06:07] === Health Check Complete ===
[2026-03-21 09:11:08] === Health Check Started ===
[2026-03-21 09:11:08] Resources: CPU:0% MEM:97% DISK:100%
[2026-03-21 09:11:08] OpenClaw: running
[2026-03-21 09:11:08] Network: connected
[2026-03-21 09:11:09] Alert sent (HTTP 200)
[2026-03-21 09:11:09] === Health Check Complete ===
[2026-03-21 09:16:09] === Health Check Started ===
[2026-03-21 09:16:09] Resources: CPU:0% MEM:97% DISK:100%
[2026-03-21 09:16:09] OpenClaw: running
[2026-03-21 09:16:09] Network: connected
[2026-03-21 09:16:10] Alert sent (HTTP 200)
[2026-03-21 09:16:10] === Health Check Complete ===
[2026-03-21 09:21:11] === Health Check Started ===
[2026-03-21 09:21:11] Resources: CPU:0% MEM:96% DISK:100%
[2026-03-21 09:21:11] OpenClaw: running
[2026-03-21 09:21:11] Network: connected
[2026-03-21 09:21:12] Alert sent (HTTP 200)
[2026-03-21 09:21:12] === Health Check Complete ===
[2026-03-21 09:26:12] === Health Check Started ===
[2026-03-21 09:26:14] Resources: CPU:0% MEM:97% DISK:100%
[2026-03-21 09:26:14] OpenClaw: running
[2026-03-21 09:26:14] Network: connected
[2026-03-21 09:26:16] Alert sent (HTTP 200)
[2026-03-21 09:26:16] === Health Check Complete ===
[2026-03-21 09:31:16] === Health Check Started ===
[2026-03-21 09:31:17] Resources: CPU:0% MEM:96% DISK:100%
[2026-03-21 09:31:17] OpenClaw: running
[2026-03-21 09:31:17] Network: connected
[2026-03-21 09:31:18] Alert sent (HTTP 200)
[2026-03-21 09:31:18] === Health Check Complete ===
[2026-03-21 09:36:48] === Health Check Started ===
[2026-03-21 09:36:49] Resources: CPU:0% MEM:96% DISK:100%
[2026-03-21 09:36:49] OpenClaw: running
[2026-03-21 09:36:49] Network: connected
[2026-03-21 09:36:49] Alert sent (HTTP 200)
[2026-03-21 09:36:50] === Health Check Complete ===
[2026-03-21 09:41:59] === Health Check Started ===
[2026-03-21 09:41:59] Resources: CPU:0% MEM:96% DISK:100%
[2026-03-21 09:41:59] OpenClaw: running
[2026-03-21 09:41:59] Network: connected
[2026-03-21 09:42:00] Alert sent (HTTP 200)
[2026-03-21 09:42:00] === Health Check Complete ===
[2026-03-21 09:52:18] === Health Check Started ===
[2026-03-21 09:52:18] Resources: CPU:0% MEM:96% DISK:100%
[2026-03-21 09:52:18] OpenClaw: running
[2026-03-21 09:52:18] Network: connected
[2026-03-21 09:52:20] Alert sent (HTTP 200)
[2026-03-21 09:52:20] === Health Check Complete ===
[2026-03-21 09:59:51] === Health Check Started ===
[2026-03-21 09:59:51] Resources: CPU:0% MEM:96% DISK:100%
[2026-03-21 09:59:51] OpenClaw: running
[2026-03-21 09:59:51] Network: connected
[2026-03-21 09:59:52] Alert sent (HTTP 200)
[2026-03-21 09:59:52] === Health Check Complete ===
[2026-03-21 10:08:45] === Health Check Started ===
[2026-03-21 10:08:45] Resources: CPU:0% MEM:96% DISK:100%
[2026-03-21 10:08:45] OpenClaw: running
[2026-03-21 10:08:45] Network: connected
[2026-03-21 10:08:46] Alert sent (HTTP 200)
[2026-03-21 10:08:46] === Health Check Complete ===
[2026-03-21 10:14:26] === Health Check Started ===
[2026-03-21 10:14:26] Resources: CPU:0% MEM:96% DISK:100%
[2026-03-21 10:14:26] OpenClaw: running
[2026-03-21 10:14:26] Network: connected
[2026-03-21 10:14:27] Alert sent (HTTP 200)
[2026-03-21 10:14:27] === Health Check Complete ===
[2026-03-21 10:22:55] === Health Check Started ===
[2026-03-21 10:22:55] Resources: CPU:0% MEM:96% DISK:100%
[2026-03-21 10:22:55] OpenClaw: running
[2026-03-21 10:22:55] Network: connected
[2026-03-21 10:22:56] Alert sent (HTTP 200)
[2026-03-21 10:22:56] === Health Check Complete ===
[2026-03-21 10:33:08] === Health Check Started ===
[2026-03-21 10:33:09] Resources: CPU:0% MEM:96% DISK:100%
[2026-03-21 10:33:09] OpenClaw: running
[2026-03-21 10:33:09] Network: connected
[2026-03-21 10:33:10] Alert sent (HTTP 200)
[2026-03-21 10:33:10] === Health Check Complete ===
[2026-03-21 10:39:16] === Health Check Started ===
[2026-03-21 10:39:17] Resources: CPU:0% MEM:95% DISK:100%
[2026-03-21 10:39:17] OpenClaw: running
[2026-03-21 10:39:17] Network: connected
[2026-03-21 10:39:17] Alert sent (HTTP 200)
[2026-03-21 10:39:18] === Health Check Complete ===
[2026-03-21 10:45:21] === Health Check Started ===
[2026-03-21 10:45:21] Resources: CPU:0% MEM:96% DISK:100%
[2026-03-21 10:45:21] OpenClaw: running
[2026-03-21 10:45:21] Network: connected
[2026-03-21 10:45:22] Alert sent (HTTP 200)
[2026-03-21 10:45:22] === Health Check Complete ===
[2026-03-21 10:51:25] === Health Check Started ===
[2026-03-21 10:51:25] Resources: CPU:0% MEM:96% DISK:100%
[2026-03-21 10:51:25] OpenClaw: running
[2026-03-21 10:51:25] Network: connected
[2026-03-21 10:51:26] Alert sent (HTTP 200)
[2026-03-21 10:51:26] === Health Check Complete ===
[2026-03-21 10:56:44] === Health Check Started ===
[2026-03-21 10:56:45] Resources: CPU:0% MEM:95% DISK:100%
[2026-03-21 10:56:45] OpenClaw: running
[2026-03-21 10:56:45] Network: connected
[2026-03-21 10:56:46] Alert sent (HTTP 200)
[2026-03-21 10:56:46] === Health Check Complete ===
[2026-03-21 11:01:46] === Health Check Started ===
[2026-03-21 11:01:46] Resources: CPU:0% MEM:96% DISK:100%
[2026-03-21 11:01:46] OpenClaw: running
[2026-03-21 11:01:46] Network: connected
[2026-03-21 11:01:47] Alert sent (HTTP 200)
[2026-03-21 11:01:47] === Health Check Complete ===
[2026-03-21 11:06:47] === Health Check Started ===
[2026-03-21 11:06:48] Resources: CPU:0% MEM:96% DISK:100%
[2026-03-21 11:06:48] OpenClaw: running
[2026-03-21 11:06:48] Network: connected
[2026-03-21 11:06:50] Alert sent (HTTP 200)
[2026-03-21 11:06:50] === Health Check Complete ===
[2026-03-21 11:11:50] === Health Check Started ===
[2026-03-21 11:11:50] Resources: CPU:0% MEM:96% DISK:100%
[2026-03-21 11:11:50] OpenClaw: running
[2026-03-21 11:11:50] Network: connected
[2026-03-21 11:11:51] Alert sent (HTTP 200)
[2026-03-21 11:11:51] === Health Check Complete ===
[2026-03-21 11:16:51] === Health Check Started ===
[2026-03-21 11:16:52] Resources: CPU:0% MEM:97% DISK:100%
[2026-03-21 11:16:52] OpenClaw: running
[2026-03-21 11:16:52] Network: connected
[2026-03-21 11:16:53] Alert sent (HTTP 200)
[2026-03-21 11:16:53] === Health Check Complete ===
[2026-03-21 11:21:53] === Health Check Started ===
[2026-03-21 11:21:54] Resources: CPU:0% MEM:96% DISK:100%
[2026-03-21 11:21:54] OpenClaw: running
[2026-03-21 11:21:54] Network: connected
[2026-03-21 11:21:54] Alert sent (HTTP 200)
[2026-03-21 11:21:55] === Health Check Complete ===
[2026-03-21 11:26:55] === Health Check Started ===
[2026-03-21 11:26:55] Resources: CPU:0% MEM:96% DISK:100%
[2026-03-21 11:26:55] OpenClaw: running
[2026-03-21 11:26:55] Network: connected
[2026-03-21 11:26:56] Alert sent (HTTP 200)
[2026-03-21 11:26:56] === Health Check Complete ===
[2026-03-21 11:31:56] === Health Check Started ===
[2026-03-21 11:31:56] Resources: CPU:0% MEM:97% DISK:100%
[2026-03-21 11:31:56] OpenClaw: running
[2026-03-21 11:31:56] Network: connected
[2026-03-21 11:31:57] Alert sent (HTTP 200)
[2026-03-21 11:31:57] === Health Check Complete ===
[2026-03-21 11:36:57] === Health Check Started ===
[2026-03-21 11:36:58] Resources: CPU:0% MEM:96% DISK:100%
[2026-03-21 11:36:58] OpenClaw: running
[2026-03-21 11:36:58] Network: connected
[2026-03-21 11:36:59] Alert sent (HTTP 200)
[2026-03-21 11:36:59] === Health Check Complete ===
[2026-03-21 11:41:59] === Health Check Started ===
[2026-03-21 11:41:59] Resources: CPU:0% MEM:96% DISK:100%
[2026-03-21 11:41:59] OpenClaw: running
[2026-03-21 11:41:59] Network: connected
[2026-03-21 11:42:00] Alert sent (HTTP 200)
[2026-03-21 11:42:00] === Health Check Complete ===
[2026-03-21 11:47:00] === Health Check Started ===
[2026-03-21 11:47:00] Resources: CPU:0% MEM:97% DISK:100%
[2026-03-21 11:47:00] OpenClaw: running
[2026-03-21 11:47:00] Network: connected
[2026-03-21 11:47:01] Alert sent (HTTP 200)
[2026-03-21 11:47:01] === Health Check Complete ===
[2026-03-21 11:52:01] === Health Check Started ===
[2026-03-21 11:52:02] Resources: CPU:0% MEM:96% DISK:100%
[2026-03-21 11:52:02] OpenClaw: running
[2026-03-21 11:52:02] Network: connected
[2026-03-21 11:52:03] Alert sent (HTTP 200)
[2026-03-21 11:52:03] === Health Check Complete ===
[2026-03-21 11:57:03] === Health Check Started ===
[2026-03-21 11:57:03] Resources: CPU:0% MEM:96% DISK:100%
[2026-03-21 11:57:03] OpenClaw: running
[2026-03-21 11:57:03] Network: connected
[2026-03-21 11:57:04] Alert sent (HTTP 200)
[2026-03-21 11:57:04] === Health Check Complete ===
[2026-03-21 12:02:04] === Health Check Started ===
[2026-03-21 12:02:04] Resources: CPU:0% MEM:97% DISK:100%
[2026-03-21 12:02:04] OpenClaw: running
[2026-03-21 12:02:04] Network: connected
[2026-03-21 12:02:06] Alert sent (HTTP 200)
[2026-03-21 12:02:06] === Health Check Complete ===
[2026-03-21 12:07:06] === Health Check Started ===
[2026-03-21 12:07:06] Resources: CPU:0% MEM:97% DISK:100%
[2026-03-21 12:07:06] OpenClaw: running
[2026-03-21 12:07:06] Network: connected
[2026-03-21 12:07:07] Alert sent (HTTP 200)
[2026-03-21 12:07:07] === Health Check Complete ===
[2026-03-21 12:12:56] === Health Check Started ===
[2026-03-21 12:12:56] Resources: CPU:0% MEM:97% DISK:100%
[2026-03-21 12:12:56] OpenClaw: running
[2026-03-21 12:12:56] Network: connected
[2026-03-21 12:12:57] Alert sent (HTTP 200)
[2026-03-21 12:12:57] === Health Check Complete ===
[2026-03-21 12:18:04] === Health Check Started ===
[2026-03-21 12:18:05] Resources: CPU:0% MEM:96% DISK:100%
[2026-03-21 12:18:05] OpenClaw: running
[2026-03-21 12:18:05] Network: connected
[2026-03-21 12:18:08] Alert sent (HTTP 200)
[2026-03-21 12:18:08] === Health Check Complete ===
[2026-03-21 12:23:18] === Health Check Started ===
[2026-03-21 12:23:19] Resources: CPU:0% MEM:97% DISK:100%
[2026-03-21 12:23:19] OpenClaw: running
[2026-03-21 12:23:19] Network: connected
[2026-03-21 12:23:20] Alert sent (HTTP 200)
[2026-03-21 12:23:20] === Health Check Complete ===
[2026-03-21 12:32:35] === Health Check Started ===
[2026-03-21 12:32:36] Resources: CPU:0% MEM:96% DISK:100%
[2026-03-21 12:32:36] OpenClaw: running
[2026-03-21 12:32:36] Network: connected
[2026-03-21 12:32:37] Alert sent (HTTP 200)
[2026-03-21 12:32:37] === Health Check Complete ===
[2026-03-21 12:38:36] === Health Check Started ===
[2026-03-21 12:38:36] Resources: CPU:0% MEM:96% DISK:100%
[2026-03-21 12:38:36] OpenClaw: running
[2026-03-21 12:38:36] Network: connected
[2026-03-21 12:38:37] Alert sent (HTTP 200)
[2026-03-21 12:38:37] === Health Check Complete ===
[2026-03-21 12:43:37] === Health Check Started ===
[2026-03-21 12:43:37] Resources: CPU:0% MEM:96% DISK:100%
[2026-03-21 12:43:37] OpenClaw: running
[2026-03-21 12:43:37] Network: connected
[2026-03-21 12:43:39] Alert sent (HTTP 200)
[2026-03-21 12:43:39] === Health Check Complete ===
[2026-03-21 12:48:39] === Health Check Started ===
[2026-03-21 12:48:39] Resources: CPU:0% MEM:96% DISK:100%
[2026-03-21 12:48:39] OpenClaw: running
[2026-03-21 12:48:39] Network: connected
[2026-03-21 12:48:40] Alert sent (HTTP 200)
[2026-03-21 12:48:40] === Health Check Complete ===
[2026-03-21 12:53:40] === Health Check Started ===
[2026-03-21 12:53:40] Resources: CPU:0% MEM:96% DISK:100%
[2026-03-21 12:53:41] OpenClaw: running
[2026-03-21 12:53:41] Network: connected
[2026-03-21 12:53:42] Alert sent (HTTP 200)
[2026-03-21 12:53:42] === Health Check Complete ===
[2026-03-21 12:58:42] === Health Check Started ===
[2026-03-21 12:58:42] Resources: CPU:0% MEM:97% DISK:100%
[2026-03-21 12:58:42] OpenClaw: running
[2026-03-21 12:58:42] Network: connected
[2026-03-21 12:58:43] Alert sent (HTTP 200)
[2026-03-21 12:58:44] === Health Check Complete ===
[2026-03-21 13:03:44] === Health Check Started ===
[2026-03-21 13:03:44] Resources: CPU:0% MEM:97% DISK:100%
[2026-03-21 13:03:44] OpenClaw: running
[2026-03-21 13:03:44] Network: connected
[2026-03-21 13:03:45] Alert sent (HTTP 200)
[2026-03-21 13:03:45] === Health Check Complete ===
[2026-03-21 13:08:45] === Health Check Started ===
[2026-03-21 13:08:46] Resources: CPU:0% MEM:96% DISK:100%
[2026-03-21 13:08:46] OpenClaw: running
[2026-03-21 13:08:46] Network: connected
[2026-03-21 13:08:47] Alert sent (HTTP 200)
[2026-03-21 13:08:47] === Health Check Complete ===
[2026-03-21 13:13:47] === Health Check Started ===
[2026-03-21 13:13:48] Resources: CPU:0% MEM:97% DISK:100%
[2026-03-21 13:13:48] OpenClaw: running
[2026-03-21 13:13:48] Network: connected
[2026-03-21 13:13:49] Alert sent (HTTP 200)
[2026-03-21 13:13:49] === Health Check Complete ===
[2026-03-21 13:18:49] === Health Check Started ===
[2026-03-21 13:18:49] Resources: CPU:0% MEM:96% DISK:100%
[2026-03-21 13:18:49] OpenClaw: running
[2026-03-21 13:18:49] Network: connected
[2026-03-21 13:18:51] Alert sent (HTTP 200)
[2026-03-21 13:18:51] === Health Check Complete ===
[2026-03-21 13:23:51] === Health Check Started ===
[2026-03-21 13:23:51] Resources: CPU:0% MEM:98% DISK:100%
[2026-03-21 13:23:51] OpenClaw: running
[2026-03-21 13:23:51] Network: connected
[2026-03-21 13:23:53] Alert sent (HTTP 200)
[2026-03-21 13:23:53] === Health Check Complete ===
[2026-03-21 13:28:53] === Health Check Started ===
[2026-03-21 13:28:54] Resources: CPU:0% MEM:97% DISK:100%
[2026-03-21 13:28:54] OpenClaw: running
[2026-03-21 13:28:54] Network: connected
[2026-03-21 13:28:55] Alert sent (HTTP 200)
[2026-03-21 13:28:55] === Health Check Complete ===
[2026-03-21 13:34:12] === Health Check Started ===
[2026-03-21 13:34:13] Resources: CPU:0% MEM:96% DISK:100%
[2026-03-21 13:34:13] OpenClaw: running
[2026-03-21 13:34:13] Network: connected
[2026-03-21 13:34:14] Alert sent (HTTP 200)
[2026-03-21 13:34:14] === Health Check Complete ===
[2026-03-21 13:40:35] === Health Check Started ===
[2026-03-21 13:40:35] Resources: CPU:0% MEM:96% DISK:100%
[2026-03-21 13:40:35] OpenClaw: running
[2026-03-21 13:40:35] Network: connected
[2026-03-21 13:40:37] Alert sent (HTTP 200)
[2026-03-21 13:40:37] === Health Check Complete ===
[2026-03-21 13:45:37] === Health Check Started ===
[2026-03-21 13:45:37] Resources: CPU:0% MEM:96% DISK:100%
[2026-03-21 13:45:37] OpenClaw: running
[2026-03-21 13:45:37] Network: connected
[2026-03-21 13:45:39] Alert sent (HTTP 200)
[2026-03-21 13:45:39] === Health Check Complete ===
[2026-03-21 13:50:39] === Health Check Started ===
[2026-03-21 13:50:39] Resources: CPU:0% MEM:96% DISK:100%
[2026-03-21 13:50:39] OpenClaw: running
[2026-03-21 13:50:39] Network: connected
[2026-03-21 13:50:40] Alert sent (HTTP 200)
[2026-03-21 13:50:40] === Health Check Complete ===
[2026-03-21 13:57:39] === Health Check Started ===
[2026-03-21 13:57:40] Resources: CPU:0% MEM:96% DISK:100%
[2026-03-21 13:57:40] OpenClaw: running
[2026-03-21 13:57:40] Network: connected
[2026-03-21 13:57:41] Alert sent (HTTP 200)
[2026-03-21 13:57:41] === Health Check Complete ===
[2026-03-21 14:04:49] === Health Check Started ===
[2026-03-21 14:04:49] Resources: CPU:0% MEM:96% DISK:100%
[2026-03-21 14:04:49] OpenClaw: running
[2026-03-21 14:04:49] Network: connected
[2026-03-21 14:04:50] Alert sent (HTTP 200)
[2026-03-21 14:04:50] === Health Check Complete ===
[2026-03-21 14:09:54] === Health Check Started ===
[2026-03-21 14:09:54] Resources: CPU:0% MEM:97% DISK:100%
[2026-03-21 14:09:54] OpenClaw: running
[2026-03-21 14:09:54] Network: connected
[2026-03-21 14:09:55] Alert sent (HTTP 200)
[2026-03-21 14:09:55] === Health Check Complete ===
[2026-03-21 14:14:56] === Health Check Started ===
[2026-03-21 14:14:56] Resources: CPU:0% MEM:96% DISK:100%
[2026-03-21 14:14:56] OpenClaw: running
[2026-03-21 14:14:56] Network: connected
[2026-03-21 14:14:57] Alert sent (HTTP 200)
[2026-03-21 14:14:57] === Health Check Complete ===
[2026-03-21 14:20:06] === Health Check Started ===
[2026-03-21 14:20:07] Resources: CPU:0% MEM:96% DISK:100%
[2026-03-21 14:20:07] OpenClaw: running
[2026-03-21 14:20:07] Network: connected
[2026-03-21 14:20:08] Alert sent (HTTP 200)
[2026-03-21 14:20:08] === Health Check Complete ===
[2026-03-21 14:25:08] === Health Check Started ===
[2026-03-21 14:25:08] Resources: CPU:0% MEM:96% DISK:100%
[2026-03-21 14:25:08] OpenClaw: running
[2026-03-21 14:25:08] Network: connected
[2026-03-21 14:25:09] Alert sent (HTTP 200)
[2026-03-21 14:25:09] === Health Check Complete ===
[2026-03-21 14:30:09] === Health Check Started ===
[2026-03-21 14:30:09] Resources: CPU:0% MEM:97% DISK:100%
[2026-03-21 14:30:09] OpenClaw: running
[2026-03-21 14:30:09] Network: connected
[2026-03-21 14:30:10] Alert sent (HTTP 200)
[2026-03-21 14:30:10] === Health Check Complete ===
[2026-03-21 14:35:21] === Health Check Started ===
[2026-03-21 14:35:21] Resources: CPU:0% MEM:97% DISK:100%
[2026-03-21 14:35:21] OpenClaw: running
[2026-03-21 14:35:21] Network: connected
[2026-03-21 14:35:22] Alert sent (HTTP 200)
[2026-03-21 14:35:22] === Health Check Complete ===
[2026-03-21 14:40:22] === Health Check Started ===
[2026-03-21 14:40:23] Resources: CPU:0% MEM:97% DISK:100%
[2026-03-21 14:40:23] OpenClaw: running
[2026-03-21 14:40:23] Network: connected
[2026-03-21 14:40:23] Alert sent (HTTP 200)
[2026-03-21 14:40:24] === Health Check Complete ===
[2026-03-21 14:45:24] === Health Check Started ===
[2026-03-21 14:45:24] Resources: CPU:0% MEM:96% DISK:100%
[2026-03-21 14:45:24] OpenClaw: running
[2026-03-21 14:45:24] Network: connected
[2026-03-21 14:45:25] Alert sent (HTTP 200)
[2026-03-21 14:45:25] === Health Check Complete ===
[2026-03-21 14:50:25] === Health Check Started ===
[2026-03-21 14:50:25] Resources: CPU:0% MEM:96% DISK:100%
[2026-03-21 14:50:25] OpenClaw: running
[2026-03-21 14:50:25] Network: connected
[2026-03-21 14:50:26] Alert sent (HTTP 200)
[2026-03-21 14:50:26] === Health Check Complete ===
[2026-03-21 14:58:03] === Health Check Started ===
[2026-03-21 14:58:04] Resources: CPU:0% MEM:96% DISK:100%
[2026-03-21 14:58:04] OpenClaw: running
[2026-03-21 14:58:04] Network: connected
[2026-03-21 14:58:05] Alert sent (HTTP 200)
[2026-03-21 14:58:05] === Health Check Complete ===
[2026-03-21 15:08:48] === Health Check Started ===
[2026-03-21 15:08:48] Resources: CPU:0% MEM:97% DISK:100%
[2026-03-21 15:08:48] OpenClaw: running
[2026-03-21 15:08:48] Network: connected
[2026-03-21 15:08:50] Alert sent (HTTP 200)
[2026-03-21 15:08:50] === Health Check Complete ===
[2026-03-21 15:13:54] === Health Check Started ===
[2026-03-21 15:13:54] Resources: CPU:0% MEM:96% DISK:100%
[2026-03-21 15:13:54] OpenClaw: running
[2026-03-21 15:13:54] Network: connected
[2026-03-21 15:13:56] Alert sent (HTTP 200)
[2026-03-21 15:13:56] === Health Check Complete ===
[2026-03-21 15:21:16] === Health Check Started ===
[2026-03-21 15:21:16] Resources: CPU:0% MEM:96% DISK:100%
[2026-03-21 15:21:16] OpenClaw: running
[2026-03-21 15:21:16] Network: connected
[2026-03-21 15:21:17] Alert sent (HTTP 200)
[2026-03-21 15:21:17] === Health Check Complete ===
[2026-03-21 15:28:13] === Health Check Started ===
[2026-03-21 15:28:13] Resources: CPU:0% MEM:96% DISK:100%
[2026-03-21 15:28:13] OpenClaw: running
[2026-03-21 15:28:13] Network: connected
[2026-03-21 15:28:14] Alert sent (HTTP 200)
[2026-03-21 15:28:15] === Health Check Complete ===
[2026-03-21 15:36:19] === Health Check Started ===
[2026-03-21 15:36:19] Resources: CPU:0% MEM:96% DISK:100%
[2026-03-21 15:36:19] OpenClaw: running
[2026-03-21 15:36:19] Network: connected
[2026-03-21 15:36:20] Alert sent (HTTP 200)
[2026-03-21 15:36:20] === Health Check Complete ===
[2026-03-21 15:41:21] === Health Check Started ===
[2026-03-21 15:41:21] Resources: CPU:0% MEM:96% DISK:100%
[2026-03-21 15:41:21] OpenClaw: running
[2026-03-21 15:41:21] Network: connected
[2026-03-21 15:41:22] Alert sent (HTTP 200)
[2026-03-21 15:41:22] === Health Check Complete ===
