[2026-03-21 08:18:30] === Health Monitor Daemon Started ===
[2026-03-21 08:18:30] === Health Monitor Daemon Started ===
[2026-03-21 08:18:30] PID: 7066, Interval: 300s
[2026-03-21 08:18:30] PID: 7066, Interval: 300s
[2026-03-21 08:18:31] === Health Check Started ===
cat: /proc/loadavg: Permission denied
[2026-03-21 08:18:31] Resources: CPU:0% MEM:96% DISK:100%
[2026-03-21 08:18:31] OpenClaw: running
[2026-03-21 08:18:31] Network: connected
[2026-03-21 08:18:32] Alert sent (HTTP 200)
[2026-03-21 08:18:32] === Health Check Complete ===
[2026-03-21 08:18:52] Monitor already running (PID: 7066)
[2026-03-21 08:20:51] Monitor already running (PID: 7066)
[2026-03-21 08:23:32] === Health Check Started ===
cat: /proc/loadavg: Permission denied
[2026-03-21 08:23:32] Resources: CPU:0% MEM:96% DISK:100%
[2026-03-21 08:23:32] OpenClaw: running
[2026-03-21 08:23:32] Network: connected
[2026-03-21 08:23:33] Alert sent (HTTP 200)
[2026-03-21 08:23:33] === Health Check Complete ===
[2026-03-21 08:28:35] === Health Check Started ===
cat: /proc/loadavg: Permission denied
[2026-03-21 08:28:35] Resources: CPU:0% MEM:96% DISK:100%
[2026-03-21 08:28:35] OpenClaw: running
[2026-03-21 08:28:35] Network: connected
[2026-03-21 08:28:36] Alert sent (HTTP 200)
[2026-03-21 08:28:36] === Health Check Complete ===
[2026-03-21 08:35:20] === Health Check Started ===
cat: /proc/loadavg: Permission denied
[2026-03-21 08:35:20] Resources: CPU:0% MEM:97% DISK:100%
[2026-03-21 08:35:20] OpenClaw: running
[2026-03-21 08:35:20] Network: connected
[2026-03-21 08:35:21] Alert sent (HTTP 200)
[2026-03-21 08:35:21] === Health Check Complete ===
[2026-03-21 08:42:09] === Health Check Started ===
cat: /proc/loadavg: Permission denied
[2026-03-21 08:42:10] Resources: CPU:0% MEM:97% DISK:100%
[2026-03-21 08:42:10] OpenClaw: running
[2026-03-21 08:42:10] Network: connected
[2026-03-21 08:42:11] Alert sent (HTTP 200)
[2026-03-21 08:42:11] === Health Check Complete ===
[2026-03-21 08:50:58] === Health Check Started ===
cat: /proc/loadavg: Permission denied
[2026-03-21 08:50:58] Resources: CPU:0% MEM:96% DISK:100%
[2026-03-21 08:50:58] OpenClaw: running
[2026-03-21 08:50:58] Network: connected
[2026-03-21 08:50:59] Alert sent (HTTP 200)
[2026-03-21 08:50:59] === Health Check Complete ===
[2026-03-21 08:56:03] === Health Check Started ===
cat: /proc/loadavg: Permission denied
[2026-03-21 08:56:04] Resources: CPU:0% MEM:95% DISK:100%
[2026-03-21 08:56:04] OpenClaw: running
[2026-03-21 08:56:04] Network: connected
[2026-03-21 08:56:05] Alert sent (HTTP 200)
[2026-03-21 08:56:05] === Health Check Complete ===
[2026-03-21 09:01:05] === Health Check Started ===
cat: /proc/loadavg: Permission denied
[2026-03-21 09:01:05] Resources: CPU:0% MEM:97% DISK:100%
[2026-03-21 09:01:05] OpenClaw: running
[2026-03-21 09:01:05] Network: connected
[2026-03-21 09:01:06] Alert sent (HTTP 200)
[2026-03-21 09:01:06] === Health Check Complete ===
[2026-03-21 09:06:06] === Health Check Started ===
cat: /proc/loadavg: Permission denied
[2026-03-21 09:06:06] Resources: CPU:0% MEM:97% DISK:100%
[2026-03-21 09:06:07] OpenClaw: running
[2026-03-21 09:06:07] Network: connected
[2026-03-21 09:06:07] Alert sent (HTTP 200)
[2026-03-21 09:06:07] === Health Check Complete ===
[2026-03-21 09:11:08] === Health Check Started ===
cat: /proc/loadavg: Permission denied
[2026-03-21 09:11:08] Resources: CPU:0% MEM:97% DISK:100%
[2026-03-21 09:11:08] OpenClaw: running
[2026-03-21 09:11:08] Network: connected
[2026-03-21 09:11:09] Alert sent (HTTP 200)
[2026-03-21 09:11:09] === Health Check Complete ===
[2026-03-21 09:16:09] === Health Check Started ===
cat: /proc/loadavg: Permission denied
[2026-03-21 09:16:09] Resources: CPU:0% MEM:97% DISK:100%
[2026-03-21 09:16:09] OpenClaw: running
[2026-03-21 09:16:09] Network: connected
[2026-03-21 09:16:10] Alert sent (HTTP 200)
[2026-03-21 09:16:10] === Health Check Complete ===
[2026-03-21 09:21:11] === Health Check Started ===
cat: /proc/loadavg: Permission denied
[2026-03-21 09:21:11] Resources: CPU:0% MEM:96% DISK:100%
[2026-03-21 09:21:11] OpenClaw: running
[2026-03-21 09:21:11] Network: connected
[2026-03-21 09:21:12] Alert sent (HTTP 200)
[2026-03-21 09:21:12] === Health Check Complete ===
